<?xml version="1.0" encoding="UTF-8"?>
<!-- Generated by org.testng.reporters.JUnitReportReporter -->
<testsuite hostname="SUJITS-PC" failures="0" tests="1" name="com.test.GoogleTitleTest" time="11.590" errors="0" timestamp="2020-02-21T23:21:23 EST" skipped="0">
  <testcase classname="com.test.GoogleTitleTest" name="googleTitleTest" time="11.590"/>
</testsuite> <!-- com.test.GoogleTitleTest -->
