<?xml version="1.0" encoding="UTF-8"?>
<!-- Generated by org.testng.reporters.JUnitReportReporter -->
<testsuite hostname="SUJITS-PC" failures="0" tests="3" name="com.test.TestNGbasics" time="0.015" errors="0" timestamp="2020-02-16T20:39:36 EST" skipped="0">
  <testcase classname="com.test.TestNGbasics" name="searchTest" time="0.000"/>
  <testcase classname="com.test.TestNGbasics" name="googleLogotest" time="0.015"/>
  <testcase classname="com.test.TestNGbasics" name="googleTitletest" time="0.000"/>
</testsuite> <!-- com.test.TestNGbasics -->
