<?xml version="1.0" encoding="UTF-8"?>
<!-- Generated by org.testng.reporters.JUnitReportReporter -->
<testsuite hostname="SUJITS-PC" failures="0" tests="10" name="com.test.InvovationCountTest" time="0.041" errors="0" timestamp="2020-02-21T22:56:15 EST" skipped="0">
  <testcase classname="com.test.InvovationCountTest" name="sum" time="0.002"/>
  <testcase classname="com.test.InvovationCountTest" name="sum" time="0.003"/>
  <testcase classname="com.test.InvovationCountTest" name="sum" time="0.006"/>
  <testcase classname="com.test.InvovationCountTest" name="sum" time="0.017"/>
  <testcase classname="com.test.InvovationCountTest" name="sum" time="0.001"/>
  <testcase classname="com.test.InvovationCountTest" name="sum" time="0.003"/>
  <testcase classname="com.test.InvovationCountTest" name="sum" time="0.002"/>
  <testcase classname="com.test.InvovationCountTest" name="sum" time="0.003"/>
  <testcase classname="com.test.InvovationCountTest" name="sum" time="0.002"/>
  <testcase classname="com.test.InvovationCountTest" name="sum" time="0.002"/>
</testsuite> <!-- com.test.InvovationCountTest -->
