<?xml version="1.0" encoding="UTF-8"?>
<!-- Generated by org.testng.reporters.JUnitReportReporter -->
<testsuite hostname="SUJITS-PC" failures="0" tests="1" name="com.test.ExceptionTimeOutTest" time="0.018" errors="0" timestamp="2020-02-21T23:11:16 EST" skipped="0">
  <testcase classname="com.test.ExceptionTimeOutTest" name="test1" time="0.018"/>
</testsuite> <!-- com.test.ExceptionTimeOutTest -->
