<?xml version="1.0" encoding="UTF-8"?>
<!-- Generated by org.testng.reporters.JUnitReportReporter -->
<testsuite hostname="SUJITS-PC" failures="0" tests="4" name="com.test.TestngFeatures" time="0.027" errors="0" timestamp="2020-02-21T22:52:49 EST" skipped="0">
  <testcase classname="com.test.TestngFeatures" name="RegPageTest" time="0.004"/>
  <testcase classname="com.test.TestngFeatures" name="Searchpagetest" time="0.004"/>
  <testcase classname="com.test.TestngFeatures" name="login" time="0.016"/>
  <testcase classname="com.test.TestngFeatures" name="HomePagetest" time="0.003"/>
</testsuite> <!-- com.test.TestngFeatures -->
